[debug] [2022-08-10T17:08:13.382Z] ----------------------------------------------------------------------
[debug] [2022-08-10T17:08:13.383Z] Command:       /opt/homebrew/Cellar/node/18.7.0/bin/node /opt/homebrew/bin/firebase init
[debug] [2022-08-10T17:08:13.384Z] CLI Version:   11.5.0
[debug] [2022-08-10T17:08:13.384Z] Platform:      darwin
[debug] [2022-08-10T17:08:13.384Z] Node Version:  v18.7.0
[debug] [2022-08-10T17:08:13.384Z] Time:          Wed Aug 10 2022 12:08:13 GMT-0500 (Central Daylight Time)
[debug] [2022-08-10T17:08:13.385Z] ----------------------------------------------------------------------
[debug] 
[debug] [2022-08-10T17:08:13.387Z] > command requires scopes: ["email","openid","https://www.googleapis.com/auth/cloudplatformprojects.readonly","https://www.googleapis.com/auth/firebase","https://www.googleapis.com/auth/cloud-platform"]
[debug] [2022-08-10T17:08:13.388Z] > authorizing via signed-in user (lukepitstick06@gmail.com)
[info] 
     ######## #### ########  ######## ########     ###     ######  ########
     ##        ##  ##     ## ##       ##     ##  ##   ##  ##       ##
     ######    ##  ########  ######   ########  #########  ######  ######
     ##        ##  ##    ##  ##       ##     ## ##     ##       ## ##
     ##       #### ##     ## ######## ########  ##     ##  ######  ########

You're about to initialize a Firebase project in this directory:

  /Users/lukepitstick/personal/web/react/gas_notifier_signup

[info] 
=== Project Setup
[info] 
[info] First, let's associate this project directory with a Firebase project.
[info] You can create multiple project aliases by running firebase use --add, 
[info] but for now we'll just set up a default project.
[info] 
[debug] [2022-08-10T17:09:18.991Z] >>> [apiv2][query] GET https://firebase.googleapis.com/v1beta1/projects pageSize=100
[debug] [2022-08-10T17:09:19.514Z] <<< [apiv2][status] GET https://firebase.googleapis.com/v1beta1/projects 200
[debug] [2022-08-10T17:09:19.514Z] <<< [apiv2][body] GET https://firebase.googleapis.com/v1beta1/projects [omitted]
[info] i  Using project gas-analytics-c435c (Gas Analytics) 
[info] 
=== Hosting Setup
[info] 
[info] Your public directory is the folder (relative to your project directory) that
[info] will contain Hosting assets to be uploaded with firebase deploy. If you
[info] have a build process for your assets, use your build's output directory.
[info] 
[debug] [2022-08-10T17:09:55.381Z] >>> [apiv2][query] GET https://www.gstatic.com/firebasejs/releases.json [none]
[debug] [2022-08-10T17:09:55.452Z] <<< [apiv2][status] GET https://www.gstatic.com/firebasejs/releases.json 200
[debug] [2022-08-10T17:09:55.452Z] <<< [apiv2][body] GET https://www.gstatic.com/firebasejs/releases.json {"current":{"version":"9.9.2","browserURL":"https://www.gstatic.com/firebasejs/9.9.2/firebase.js","packageURL":"https://www.gstatic.com/firebasejs/9.9.2/firebase.tgz"},"live":{"version":"9.9","browserURL":"https://www.gstatic.com/firebasejs/live/9.9/firebase.js","packageURL":"https://www.gstatic.com/firebasejs/live/9.9/firebase.tgz"},"components":{"analytics":"https://www.gstatic.com/firebasejs/9.9.2/firebase-analytics.js","app":"https://www.gstatic.com/firebasejs/9.9.2/firebase-app.js","app-check":"https://www.gstatic.com/firebasejs/9.9.2/firebase-app-check.js","auth":"https://www.gstatic.com/firebasejs/9.9.2/firebase-auth.js","auth/cordova":"https://www.gstatic.com/firebasejs/9.9.2/firebase-auth/cordova.js","auth/react-native":"https://www.gstatic.com/firebasejs/9.9.2/firebase-auth/react-native.js","functions":"https://www.gstatic.com/firebasejs/9.9.2/firebase-functions.js","firestore":"https://www.gstatic.com/firebasejs/9.9.2/firebase-firestore.js","firestore/lite":"https://www.gstatic.com/firebasejs/9.9.2/firebase-firestore/lite.js","installations":"https://www.gstatic.com/firebasejs/9.9.2/firebase-installations.js","storage":"https://www.gstatic.com/firebasejs/9.9.2/firebase-storage.js","performance":"https://www.gstatic.com/firebasejs/9.9.2/firebase-performance.js","remote-config":"https://www.gstatic.com/firebasejs/9.9.2/firebase-remote-config.js","messaging":"https://www.gstatic.com/firebasejs/9.9.2/firebase-messaging.js","messaging/sw":"https://www.gstatic.com/firebasejs/9.9.2/firebase-messaging/sw.js","database":"https://www.gstatic.com/firebasejs/9.9.2/firebase-database.js","firestore.memory":"https://www.gstatic.com/firebasejs/9.9.2/firebase-firestore.memory.js"}}
[info] ✔  Wrote src/index.html 
[info] 
[info] i  Detected a .git folder at /Users/lukepitstick/personal/web/react/gas_notifier_signup 
[info] i  Authorizing with GitHub to upload your service account to a GitHub repository's secrets store. 
[info] 
[info] Visit this URL on this device to log in:
[info] https://github.com/login/oauth/authorize?client_id=89cf50f02ac6aaed3484&state=1030041550&redirect_uri=http%3A%2F%2Flocalhost%3A9005&scope=read%3Auser%20repo%20public_repo
[info] 
[info] Waiting for authentication...
[debug] [2022-08-10T17:10:00.288Z] >>> [apiv2][query] POST https://github.com/login/oauth/access_token [none]
[debug] [2022-08-10T17:10:00.288Z] >>> [apiv2][body] POST https://github.com/login/oauth/access_token [stream]
[debug] [2022-08-10T17:10:00.553Z] <<< [apiv2][status] POST https://github.com/login/oauth/access_token 200
[debug] [2022-08-10T17:10:00.553Z] <<< [apiv2][body] POST https://github.com/login/oauth/access_token {"access_token":"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","token_type":"bearer","scope":"read:user,repo"}
[debug] [2022-08-10T17:10:00.560Z] >>> [apiv2][query] GET https://api.github.com/user [none]
[debug] [2022-08-10T17:10:00.859Z] <<< [apiv2][status] GET https://api.github.com/user 200
[debug] [2022-08-10T17:10:00.860Z] <<< [apiv2][body] GET https://api.github.com/user {"login":"Luke-Pitstick","id":89280703,"node_id":"MDQ6VXNlcjg5MjgwNzAz","avatar_url":"https://avatars.githubusercontent.com/u/89280703?v=4","gravatar_id":"","url":"https://api.github.com/users/Luke-Pitstick","html_url":"https://github.com/Luke-Pitstick","followers_url":"https://api.github.com/users/Luke-Pitstick/followers","following_url":"https://api.github.com/users/Luke-Pitstick/following{/other_user}","gists_url":"https://api.github.com/users/Luke-Pitstick/gists{/gist_id}","starred_url":"https://api.github.com/users/Luke-Pitstick/starred{/owner}{/repo}","subscriptions_url":"https://api.github.com/users/Luke-Pitstick/subscriptions","organizations_url":"https://api.github.com/users/Luke-Pitstick/orgs","repos_url":"https://api.github.com/users/Luke-Pitstick/repos","events_url":"https://api.github.com/users/Luke-Pitstick/events{/privacy}","received_events_url":"https://api.github.com/users/Luke-Pitstick/received_events","type":"User","site_admin":false,"name":"Luke Pitstick","company":null,"blog":"","location":"Austin, TX","email":null,"hireable":null,"bio":"16 year old student\r\nNode.js and Python Hobbyist \r\n","twitter_username":null,"public_repos":17,"public_gists":0,"followers":0,"following":0,"created_at":"2021-08-20T22:28:57Z","updated_at":"2022-08-10T12:47:59Z","private_gists":0,"total_private_repos":5,"owned_private_repos":5,"disk_usage":196732,"collaborators":0,"two_factor_authentication":false,"plan":{"name":"pro","space":976562499,"collaborators":0,"private_repos":9999}}
[info] 
[info] ✔  Success! Logged into GitHub as Luke-Pitstick 
[info] 
[debug] [2022-08-10T17:10:20.937Z] >>> [apiv2][query] GET https://api.github.com/repos/Luke-Pitstick/gasNotifierSignup/actions/secrets/public-key type=owner
[debug] [2022-08-10T17:10:21.133Z] <<< [apiv2][status] GET https://api.github.com/repos/Luke-Pitstick/gasNotifierSignup/actions/secrets/public-key 404
[debug] [2022-08-10T17:10:21.133Z] <<< [apiv2][body] GET https://api.github.com/repos/Luke-Pitstick/gasNotifierSignup/actions/secrets/public-key {"message":"Not Found","documentation_url":"https://docs.github.com/rest/reference/actions#get-a-repository-public-key"}
[debug] [2022-08-10T17:10:28.251Z] >>> [apiv2][query] GET https://api.github.com/repos/Luke-Pitstick/gasNotifierSignup/actions/secrets/public-key type=owner
[debug] [2022-08-10T17:10:28.464Z] <<< [apiv2][status] GET https://api.github.com/repos/Luke-Pitstick/gasNotifierSignup/actions/secrets/public-key 404
[debug] [2022-08-10T17:10:28.465Z] <<< [apiv2][body] GET https://api.github.com/repos/Luke-Pitstick/gasNotifierSignup/actions/secrets/public-key {"message":"Not Found","documentation_url":"https://docs.github.com/rest/reference/actions#get-a-repository-public-key"}
[debug] [2022-08-10T17:10:48.134Z] >>> [apiv2][query] GET https://api.github.com/repos/Luke-Pitstick/gasNotifierSignup/actions/secrets/public-key type=owner
[debug] [2022-08-10T17:10:48.289Z] >>> [apiv2][query] GET https://api.github.com/repos//actions/secrets/public-key type=owner
[debug] [2022-08-10T17:10:48.339Z] <<< [apiv2][status] GET https://api.github.com/repos/Luke-Pitstick/gasNotifierSignup/actions/secrets/public-key 404
[debug] [2022-08-10T17:10:48.339Z] <<< [apiv2][body] GET https://api.github.com/repos/Luke-Pitstick/gasNotifierSignup/actions/secrets/public-key {"message":"Not Found","documentation_url":"https://docs.github.com/rest/reference/actions#get-a-repository-public-key"}
[debug] [2022-08-10T17:10:48.476Z] <<< [apiv2][status] GET https://api.github.com/repos//actions/secrets/public-key 404
[debug] [2022-08-10T17:10:48.476Z] <<< [apiv2][body] GET https://api.github.com/repos//actions/secrets/public-key {"message":"Not Found","documentation_url":"https://docs.github.com/rest"}
[debug] [2022-08-10T17:10:49.991Z] >>> [apiv2][query] GET https://api.github.com/repos/Luke-Pitstick/gasNotifierSignup/actions/secrets/public-key type=owner
[debug] [2022-08-10T17:10:50.184Z] <<< [apiv2][status] GET https://api.github.com/repos/Luke-Pitstick/gasNotifierSignup/actions/secrets/public-key 404
[debug] [2022-08-10T17:10:50.184Z] <<< [apiv2][body] GET https://api.github.com/repos/Luke-Pitstick/gasNotifierSignup/actions/secrets/public-key {"message":"Not Found","documentation_url":"https://docs.github.com/rest/reference/actions#get-a-repository-public-key"}
